2012/07/17 02:25:13 [error] [php] date() [<a href='function.date'>function.date</a>]: It is not safe to rely on the system's timezone settings. You are *required* to use the date.timezone setting or the date_default_timezone_set() function. In case you used any of those methods and you are still getting this warning, you most likely misspelled the timezone identifier. We selected 'America/Chicago' for 'CDT/-5.0/DST' instead (/Users/alex/Projects/books/protected/views/layouts/main.php:50)
Stack trace:
#0 /Library/WebServer/Documents/yii/framework/web/CBaseController.php(96): SiteController->renderInternal()
#1 /Library/WebServer/Documents/yii/framework/web/widgets/CContentDecorator.php(77): SiteController->renderFile()
#2 /Library/WebServer/Documents/yii/framework/web/widgets/CContentDecorator.php(55): CContentDecorator->decorate()
#3 /Library/WebServer/Documents/yii/framework/web/widgets/COutputProcessor.php(45): CContentDecorator->processOutput()
#4 /Library/WebServer/Documents/yii/framework/web/CBaseController.php(207): CContentDecorator->run()
#5 /Library/WebServer/Documents/yii/framework/web/CBaseController.php(301): SiteController->endWidget()
#6 /Users/alex/Projects/books/protected/views/layouts/column1.php(5): SiteController->endContent()
#7 /Library/WebServer/Documents/yii/framework/web/CBaseController.php(127): require()
#8 /Library/WebServer/Documents/yii/framework/web/CBaseController.php(96): SiteController->renderInternal()
#9 /Library/WebServer/Documents/yii/framework/web/CController.php(785): SiteController->renderFile()
#10 /Users/alex/Projects/books/protected/controllers/SiteController.php(32): SiteController->render()
#11 /Library/WebServer/Documents/yii/framework/web/actions/CInlineAction.php(50): SiteController->actionIndex()
#12 /Library/WebServer/Documents/yii/framework/web/CController.php(309): CInlineAction->runWithParams()
#13 /Library/WebServer/Documents/yii/framework/web/CController.php(287): SiteController->runAction()
#14 /Library/WebServer/Documents/yii/framework/web/CController.php(266): SiteController->runActionWithFilters()
#15 /Library/WebServer/Documents/yii/framework/web/CWebApplication.php(276): SiteController->run()
#16 /Library/WebServer/Documents/yii/framework/web/CWebApplication.php(135): CWebApplication->runController()
#17 /Library/WebServer/Documents/yii/framework/base/CApplication.php(162): CWebApplication->processRequest()
#18 /Users/alex/Projects/books/index.php(13): CWebApplication->run()
REQUEST_URI=/~alex/libritos/
in /Users/alex/Projects/books/protected/views/layouts/main.php (50)
in /Users/alex/Projects/books/protected/views/layouts/column1.php (5)
in /Users/alex/Projects/books/protected/controllers/SiteController.php (32)
2012/07/18 10:22:53 [error] [exception.CHttpException.403] exception 'CHttpException' with message 'You are not allowed to access this page.' in /Library/WebServer/Documents/yii/framework/gii/GiiModule.php:165
Stack trace:
#0 /Library/WebServer/Documents/yii/framework/web/CController.php(264): GiiModule->beforeControllerAction(Object(DefaultController), Object(CInlineAction))
#1 /Library/WebServer/Documents/yii/framework/web/CWebApplication.php(276): CController->run('')
#2 /Library/WebServer/Documents/yii/framework/web/CWebApplication.php(135): CWebApplication->runController('gii')
#3 /Library/WebServer/Documents/yii/framework/base/CApplication.php(162): CWebApplication->processRequest()
#4 /Users/alex/Projects/books/index.php(13): CApplication->run()
#5 {main}
REQUEST_URI=/~alex/libritos/index.php?r=gii
---
2012/07/18 10:26:26 [error] [php] PDO::__construct() [<a href='pdo.--construct'>pdo.--construct</a>]: [2002] No such file or directory (trying to connect via unix:///var/mysql/mysql.sock) (/Library/WebServer/Documents/yii/framework/db/CDbConnection.php:422)
Stack trace:
#0 /Library/WebServer/Documents/yii/framework/db/CDbConnection.php(331): CDbConnection->open()
#1 /Library/WebServer/Documents/yii/framework/db/CDbConnection.php(309): CDbConnection->setActive()
#2 /Library/WebServer/Documents/yii/framework/base/CModule.php(388): CDbConnection->init()
#3 /Library/WebServer/Documents/yii/framework/base/CModule.php(104): CWebApplication->getComponent()
#4 /Library/WebServer/Documents/yii/framework/gii/generators/crud/CrudCode.php(44): CWebApplication->__get()
#5 /Library/WebServer/Documents/yii/framework/web/CFormModel.php(40): CrudCode->init()
#6 /Library/WebServer/Documents/yii/framework/gii/CCodeGenerator.php(152): CrudCode->__construct()
#7 /Library/WebServer/Documents/yii/framework/gii/CCodeGenerator.php(64): CrudGenerator->prepare()
#8 /Library/WebServer/Documents/yii/framework/web/actions/CInlineAction.php(50): CrudGenerator->actionIndex()
#9 /Library/WebServer/Documents/yii/framework/web/CController.php(309): CInlineAction->runWithParams()
#10 /Library/WebServer/Documents/yii/framework/web/CController.php(287): CrudGenerator->runAction()
#11 /Library/WebServer/Documents/yii/framework/web/CController.php(266): CrudGenerator->runActionWithFilters()
#12 /Library/WebServer/Documents/yii/framework/web/CWebApplication.php(276): CrudGenerator->run()
#13 /Library/WebServer/Documents/yii/framework/web/CWebApplication.php(135): CWebApplication->runController()
#14 /Library/WebServer/Documents/yii/framework/base/CApplication.php(162): CWebApplication->processRequest()
#15 /Users/alex/Projects/books/index.php(13): CWebApplication->run()
REQUEST_URI=/~alex/libritos/index.php?r=gii/crud
in /Users/alex/Projects/books/index.php (13)
2012/07/18 10:26:57 [error] [php] PDO::__construct() [<a href='pdo.--construct'>pdo.--construct</a>]: [2002] No such file or directory (trying to connect via unix:///var/mysql/mysql.sock) (/Library/WebServer/Documents/yii/framework/db/CDbConnection.php:422)
Stack trace:
#0 /Library/WebServer/Documents/yii/framework/db/CDbConnection.php(331): CDbConnection->open()
#1 /Library/WebServer/Documents/yii/framework/db/CDbConnection.php(309): CDbConnection->setActive()
#2 /Library/WebServer/Documents/yii/framework/base/CModule.php(388): CDbConnection->init()
#3 /Library/WebServer/Documents/yii/framework/base/CModule.php(104): CWebApplication->getComponent()
#4 /Library/WebServer/Documents/yii/framework/gii/generators/model/ModelCode.php(54): CWebApplication->__get()
#5 /Library/WebServer/Documents/yii/framework/web/CFormModel.php(40): ModelCode->init()
#6 /Library/WebServer/Documents/yii/framework/gii/CCodeGenerator.php(152): ModelCode->__construct()
#7 /Library/WebServer/Documents/yii/framework/gii/CCodeGenerator.php(64): ModelGenerator->prepare()
#8 /Library/WebServer/Documents/yii/framework/web/actions/CInlineAction.php(50): ModelGenerator->actionIndex()
#9 /Library/WebServer/Documents/yii/framework/web/CController.php(309): CInlineAction->runWithParams()
#10 /Library/WebServer/Documents/yii/framework/web/CController.php(287): ModelGenerator->runAction()
#11 /Library/WebServer/Documents/yii/framework/web/CController.php(266): ModelGenerator->runActionWithFilters()
#12 /Library/WebServer/Documents/yii/framework/web/CWebApplication.php(276): ModelGenerator->run()
#13 /Library/WebServer/Documents/yii/framework/web/CWebApplication.php(135): CWebApplication->runController()
#14 /Library/WebServer/Documents/yii/framework/base/CApplication.php(162): CWebApplication->processRequest()
#15 /Users/alex/Projects/books/index.php(13): CWebApplication->run()
REQUEST_URI=/~alex/libritos/index.php?r=gii/model
in /Users/alex/Projects/books/index.php (13)
2012/07/18 10:51:39 [error] [php] PDO::__construct() [<a href='pdo.--construct'>pdo.--construct</a>]: [2002] No such file or directory (trying to connect via unix:///var/mysql/mysql.sock) (/Library/WebServer/Documents/yii/framework/db/CDbConnection.php:422)
Stack trace:
#0 /Library/WebServer/Documents/yii/framework/db/CDbConnection.php(331): CDbConnection->open()
#1 /Library/WebServer/Documents/yii/framework/db/CDbConnection.php(309): CDbConnection->setActive()
#2 /Library/WebServer/Documents/yii/framework/base/CModule.php(388): CDbConnection->init()
#3 /Library/WebServer/Documents/yii/framework/base/CModule.php(104): CWebApplication->getComponent()
#4 /Library/WebServer/Documents/yii/framework/gii/generators/model/ModelCode.php(54): CWebApplication->__get()
#5 /Library/WebServer/Documents/yii/framework/web/CFormModel.php(40): ModelCode->init()
#6 /Library/WebServer/Documents/yii/framework/gii/CCodeGenerator.php(152): ModelCode->__construct()
#7 /Library/WebServer/Documents/yii/framework/gii/CCodeGenerator.php(64): ModelGenerator->prepare()
#8 /Library/WebServer/Documents/yii/framework/web/actions/CInlineAction.php(50): ModelGenerator->actionIndex()
#9 /Library/WebServer/Documents/yii/framework/web/CController.php(309): CInlineAction->runWithParams()
#10 /Library/WebServer/Documents/yii/framework/web/CController.php(287): ModelGenerator->runAction()
#11 /Library/WebServer/Documents/yii/framework/web/CController.php(266): ModelGenerator->runActionWithFilters()
#12 /Library/WebServer/Documents/yii/framework/web/CWebApplication.php(276): ModelGenerator->run()
#13 /Library/WebServer/Documents/yii/framework/web/CWebApplication.php(135): CWebApplication->runController()
#14 /Library/WebServer/Documents/yii/framework/base/CApplication.php(162): CWebApplication->processRequest()
#15 /Users/alex/Projects/books/index.php(13): CWebApplication->run()
REQUEST_URI=/~alex/libritos/index.php?r=gii/model
in /Users/alex/Projects/books/index.php (13)
2012/07/18 13:26:49 [error] [exception.CException] exception 'CException' with message 'Property "Book.photo" is not defined.' in /Library/WebServer/Documents/yii/framework/base/CComponent.php:174
Stack trace:
#0 /Library/WebServer/Documents/yii/framework/db/ar/CActiveRecord.php(160): CComponent->__set('photo', '')
#1 /Library/WebServer/Documents/yii/framework/base/CModel.php(470): CActiveRecord->__set('photo', '')
#2 /Library/WebServer/Documents/yii/framework/base/CComponent.php(153): CModel->setAttributes(Array)
#3 /Library/WebServer/Documents/yii/framework/db/ar/CActiveRecord.php(160): CComponent->__set('attributes', Array)
#4 /Users/alex/Projects/books/protected/controllers/BookController.php(71): CActiveRecord->__set('attributes', Array)
#5 /Library/WebServer/Documents/yii/framework/web/actions/CInlineAction.php(50): BookController->actionCreate()
#6 /Library/WebServer/Documents/yii/framework/web/CController.php(309): CInlineAction->runWithParams(Array)
#7 /Library/WebServer/Documents/yii/framework/web/filters/CFilterChain.php(134): CController->runAction(Object(CInlineAction))
#8 /Library/WebServer/Documents/yii/framework/web/filters/CFilter.php(41): CFilterChain->run()
#9 /Library/WebServer/Documents/yii/framework/web/CController.php(1146): CFilter->filter(Object(CFilterChain))
#10 /Library/WebServer/Documents/yii/framework/web/filters/CInlineFilter.php(59): CController->filterAccessControl(Object(CFilterChain))
#11 /Library/WebServer/Documents/yii/framework/web/filters/CFilterChain.php(131): CInlineFilter->filter(Object(CFilterChain))
#12 /Library/WebServer/Documents/yii/framework/web/CController.php(292): CFilterChain->run()
#13 /Library/WebServer/Documents/yii/framework/web/CController.php(266): CController->runActionWithFilters(Object(CInlineAction), Array)
#14 /Library/WebServer/Documents/yii/framework/web/CWebApplication.php(276): CController->run('create')
#15 /Library/WebServer/Documents/yii/framework/web/CWebApplication.php(135): CWebApplication->runController('book/create')
#16 /Library/WebServer/Documents/yii/framework/base/CApplication.php(162): CWebApplication->processRequest()
#17 /Users/alex/Projects/books/index.php(13): CApplication->run()
#18 {main}
REQUEST_URI=/~alex/libritos/index.php?r=book/create
HTTP_REFERER=http://localhost/~alex/libritos/index.php?r=book/create
---
2012/07/18 13:28:45 [warning] [application] Failed to set unsafe attribute "photo" of "Book".
in /Users/alex/Projects/books/protected/controllers/BookController.php (71)
in /Users/alex/Projects/books/index.php (13)
2012/07/18 14:17:35 [error] [exception.CHttpException.404] exception 'CHttpException' with message 'The requested page does not exist.' in /Users/alex/Projects/books/protected/controllers/BookController.php:161
Stack trace:
#0 /Users/alex/Projects/books/protected/controllers/BookController.php(54): BookController->loadModel('')
#1 [internal function]: BookController->actionView('')
#2 /Library/WebServer/Documents/yii/framework/web/actions/CAction.php(107): ReflectionMethod->invokeArgs(Object(BookController), Array)
#3 /Library/WebServer/Documents/yii/framework/web/actions/CInlineAction.php(48): CAction->runWithParamsInternal(Object(BookController), Object(ReflectionMethod), Array)
#4 /Library/WebServer/Documents/yii/framework/web/CController.php(309): CInlineAction->runWithParams(Array)
#5 /Library/WebServer/Documents/yii/framework/web/filters/CFilterChain.php(134): CController->runAction(Object(CInlineAction))
#6 /Library/WebServer/Documents/yii/framework/web/filters/CFilter.php(41): CFilterChain->run()
#7 /Library/WebServer/Documents/yii/framework/web/CController.php(1146): CFilter->filter(Object(CFilterChain))
#8 /Library/WebServer/Documents/yii/framework/web/filters/CInlineFilter.php(59): CController->filterAccessControl(Object(CFilterChain))
#9 /Library/WebServer/Documents/yii/framework/web/filters/CFilterChain.php(131): CInlineFilter->filter(Object(CFilterChain))
#10 /Library/WebServer/Documents/yii/framework/web/CController.php(292): CFilterChain->run()
#11 /Library/WebServer/Documents/yii/framework/web/CController.php(266): CController->runActionWithFilters(Object(CInlineAction), Array)
#12 /Library/WebServer/Documents/yii/framework/web/CWebApplication.php(276): CController->run('view')
#13 /Library/WebServer/Documents/yii/framework/web/CWebApplication.php(135): CWebApplication->runController('book/view')
#14 /Library/WebServer/Documents/yii/framework/base/CApplication.php(162): CWebApplication->processRequest()
#15 /Users/alex/Projects/books/index.php(13): CApplication->run()
#16 {main}
REQUEST_URI=/~alex/libritos/index.php?r=book/view&id=
HTTP_REFERER=http://localhost/~alex/libritos/index.php?r=book/create
---
2012/07/18 14:42:40 [error] [php] move_uploaded_file(/Users/alex/Sites/libritos/images/books/default_avatar.png) [<a href='function.move-uploaded-file'>function.move-uploaded-file</a>]: failed to open stream: Permission denied (/Library/WebServer/Documents/yii/framework/web/CUploadedFile.php:197)
Stack trace:
#0 /Library/WebServer/Documents/yii/framework/web/actions/CInlineAction.php(50): BookController->actionCreate()
#1 /Library/WebServer/Documents/yii/framework/web/CController.php(309): CInlineAction->runWithParams()
#2 /Library/WebServer/Documents/yii/framework/web/filters/CFilterChain.php(134): BookController->runAction()
#3 /Library/WebServer/Documents/yii/framework/web/filters/CFilter.php(41): CFilterChain->run()
#4 /Library/WebServer/Documents/yii/framework/web/CController.php(1146): CAccessControlFilter->filter()
#5 /Library/WebServer/Documents/yii/framework/web/filters/CInlineFilter.php(59): BookController->filterAccessControl()
#6 /Library/WebServer/Documents/yii/framework/web/filters/CFilterChain.php(131): CInlineFilter->filter()
#7 /Library/WebServer/Documents/yii/framework/web/CController.php(292): CFilterChain->run()
#8 /Library/WebServer/Documents/yii/framework/web/CController.php(266): BookController->runActionWithFilters()
#9 /Library/WebServer/Documents/yii/framework/web/CWebApplication.php(276): BookController->run()
#10 /Library/WebServer/Documents/yii/framework/web/CWebApplication.php(135): CWebApplication->runController()
#11 /Library/WebServer/Documents/yii/framework/base/CApplication.php(162): CWebApplication->processRequest()
#12 /Users/alex/Projects/books/index.php(13): CWebApplication->run()
REQUEST_URI=/~alex/libritos/index.php?r=book/create
in /Users/alex/Projects/books/protected/controllers/BookController.php (74)
in /Users/alex/Projects/books/index.php (13)
2012/07/18 14:57:08 [error] [php] include(EUploadedImage.php) [<a href='function.include'>function.include</a>]: failed to open stream: No such file or directory (/Library/WebServer/Documents/yii/framework/YiiBase.php:418)
Stack trace:
#0 /Users/alex/Projects/books/protected/controllers/BookController.php(73): spl_autoload_call()
#1 /Library/WebServer/Documents/yii/framework/web/actions/CInlineAction.php(50): BookController->actionCreate()
#2 /Library/WebServer/Documents/yii/framework/web/CController.php(309): CInlineAction->runWithParams()
#3 /Library/WebServer/Documents/yii/framework/web/filters/CFilterChain.php(134): BookController->runAction()
#4 /Library/WebServer/Documents/yii/framework/web/filters/CFilter.php(41): CFilterChain->run()
#5 /Library/WebServer/Documents/yii/framework/web/CController.php(1146): CAccessControlFilter->filter()
#6 /Library/WebServer/Documents/yii/framework/web/filters/CInlineFilter.php(59): BookController->filterAccessControl()
#7 /Library/WebServer/Documents/yii/framework/web/filters/CFilterChain.php(131): CInlineFilter->filter()
#8 /Library/WebServer/Documents/yii/framework/web/CController.php(292): CFilterChain->run()
#9 /Library/WebServer/Documents/yii/framework/web/CController.php(266): BookController->runActionWithFilters()
#10 /Library/WebServer/Documents/yii/framework/web/CWebApplication.php(276): BookController->run()
#11 /Library/WebServer/Documents/yii/framework/web/CWebApplication.php(135): CWebApplication->runController()
#12 /Library/WebServer/Documents/yii/framework/base/CApplication.php(162): CWebApplication->processRequest()
#13 /Users/alex/Projects/books/index.php(13): CWebApplication->run()
REQUEST_URI=/~alex/libritos/index.php?r=book/create
in /Users/alex/Projects/books/protected/controllers/BookController.php (73)
in /Users/alex/Projects/books/index.php (13)
2012/07/18 14:57:54 [error] [php] include(EUploadedImage.php) [<a href='function.include'>function.include</a>]: failed to open stream: No such file or directory (/Library/WebServer/Documents/yii/framework/YiiBase.php:418)
Stack trace:
#0 /Users/alex/Projects/books/protected/controllers/BookController.php(73): spl_autoload_call()
#1 /Library/WebServer/Documents/yii/framework/web/actions/CInlineAction.php(50): BookController->actionCreate()
#2 /Library/WebServer/Documents/yii/framework/web/CController.php(309): CInlineAction->runWithParams()
#3 /Library/WebServer/Documents/yii/framework/web/filters/CFilterChain.php(134): BookController->runAction()
#4 /Library/WebServer/Documents/yii/framework/web/filters/CFilter.php(41): CFilterChain->run()
#5 /Library/WebServer/Documents/yii/framework/web/CController.php(1146): CAccessControlFilter->filter()
#6 /Library/WebServer/Documents/yii/framework/web/filters/CInlineFilter.php(59): BookController->filterAccessControl()
#7 /Library/WebServer/Documents/yii/framework/web/filters/CFilterChain.php(131): CInlineFilter->filter()
#8 /Library/WebServer/Documents/yii/framework/web/CController.php(292): CFilterChain->run()
#9 /Library/WebServer/Documents/yii/framework/web/CController.php(266): BookController->runActionWithFilters()
#10 /Library/WebServer/Documents/yii/framework/web/CWebApplication.php(276): BookController->run()
#11 /Library/WebServer/Documents/yii/framework/web/CWebApplication.php(135): CWebApplication->runController()
#12 /Library/WebServer/Documents/yii/framework/base/CApplication.php(162): CWebApplication->processRequest()
#13 /Users/alex/Projects/books/index.php(13): CWebApplication->run()
REQUEST_URI=/~alex/libritos/index.php?r=book/create
in /Users/alex/Projects/books/protected/controllers/BookController.php (73)
in /Users/alex/Projects/books/index.php (13)
2012/07/18 15:57:04 [error] [php] getimagesize() [<a href='function.getimagesize'>function.getimagesize</a>]: Filename cannot be empty (/Users/alex/Projects/books/protected/extensions/EUploadedImage.php:189)
Stack trace:
#0 /Users/alex/Projects/books/protected/extensions/EUploadedImage.php(166): collectFilesRecursive()
#1 /Users/alex/Projects/books/protected/extensions/EUploadedImage.php(150): collectFilesRecursive()
#2 /Users/alex/Projects/books/protected/extensions/EUploadedImage.php(101): prefetchFiles()
#3 /Users/alex/Projects/books/protected/extensions/EUploadedImage.php(76): getInstanceByName()
#4 /Users/alex/Projects/books/protected/controllers/BookController.php(77): getInstance()
#5 /Library/WebServer/Documents/yii/framework/web/actions/CInlineAction.php(50): BookController->actionCreate()
#6 /Library/WebServer/Documents/yii/framework/web/CController.php(309): CInlineAction->runWithParams()
#7 /Library/WebServer/Documents/yii/framework/web/filters/CFilterChain.php(134): BookController->runAction()
#8 /Library/WebServer/Documents/yii/framework/web/filters/CFilter.php(41): CFilterChain->run()
#9 /Library/WebServer/Documents/yii/framework/web/CController.php(1146): CAccessControlFilter->filter()
#10 /Library/WebServer/Documents/yii/framework/web/filters/CInlineFilter.php(59): BookController->filterAccessControl()
#11 /Library/WebServer/Documents/yii/framework/web/filters/CFilterChain.php(131): CInlineFilter->filter()
#12 /Library/WebServer/Documents/yii/framework/web/CController.php(292): CFilterChain->run()
#13 /Library/WebServer/Documents/yii/framework/web/CController.php(266): BookController->runActionWithFilters()
#14 /Library/WebServer/Documents/yii/framework/web/CWebApplication.php(276): BookController->run()
#15 /Library/WebServer/Documents/yii/framework/web/CWebApplication.php(135): CWebApplication->runController()
#16 /Library/WebServer/Documents/yii/framework/base/CApplication.php(162): CWebApplication->processRequest()
#17 /Users/alex/Projects/books/index.php(13): CWebApplication->run()
REQUEST_URI=/~alex/libritos/index.php?r=book/create
in /Users/alex/Projects/books/protected/extensions/EUploadedImage.php (189)
in /Users/alex/Projects/books/protected/extensions/EUploadedImage.php (169)
in /Users/alex/Projects/books/protected/extensions/EUploadedImage.php (166)
2012/07/18 16:09:38 [error] [php] getimagesize() [<a href='function.getimagesize'>function.getimagesize</a>]: Filename cannot be empty (/Users/alex/Projects/books/protected/extensions/EUploadedImage.php:189)
Stack trace:
#0 /Users/alex/Projects/books/protected/extensions/EUploadedImage.php(166): collectFilesRecursive()
#1 /Users/alex/Projects/books/protected/extensions/EUploadedImage.php(150): collectFilesRecursive()
#2 /Users/alex/Projects/books/protected/extensions/EUploadedImage.php(101): prefetchFiles()
#3 /Users/alex/Projects/books/protected/extensions/EUploadedImage.php(76): getInstanceByName()
#4 /Users/alex/Projects/books/protected/controllers/BookController.php(77): getInstance()
#5 /Library/WebServer/Documents/yii/framework/web/actions/CInlineAction.php(50): BookController->actionCreate()
#6 /Library/WebServer/Documents/yii/framework/web/CController.php(309): CInlineAction->runWithParams()
#7 /Library/WebServer/Documents/yii/framework/web/filters/CFilterChain.php(134): BookController->runAction()
#8 /Library/WebServer/Documents/yii/framework/web/filters/CFilter.php(41): CFilterChain->run()
#9 /Library/WebServer/Documents/yii/framework/web/CController.php(1146): CAccessControlFilter->filter()
#10 /Library/WebServer/Documents/yii/framework/web/filters/CInlineFilter.php(59): BookController->filterAccessControl()
#11 /Library/WebServer/Documents/yii/framework/web/filters/CFilterChain.php(131): CInlineFilter->filter()
#12 /Library/WebServer/Documents/yii/framework/web/CController.php(292): CFilterChain->run()
#13 /Library/WebServer/Documents/yii/framework/web/CController.php(266): BookController->runActionWithFilters()
#14 /Library/WebServer/Documents/yii/framework/web/CWebApplication.php(276): BookController->run()
#15 /Library/WebServer/Documents/yii/framework/web/CWebApplication.php(135): CWebApplication->runController()
#16 /Library/WebServer/Documents/yii/framework/base/CApplication.php(162): CWebApplication->processRequest()
#17 /Users/alex/Projects/books/index.php(13): CWebApplication->run()
REQUEST_URI=/~alex/libritos/index.php?r=book/create
in /Users/alex/Projects/books/protected/extensions/EUploadedImage.php (189)
in /Users/alex/Projects/books/protected/extensions/EUploadedImage.php (169)
in /Users/alex/Projects/books/protected/extensions/EUploadedImage.php (166)
2012/07/18 16:13:52 [error] [php] getimagesize() [<a href='function.getimagesize'>function.getimagesize</a>]: Filename cannot be empty (/Users/alex/Projects/books/protected/extensions/EUploadedImage.php:189)
Stack trace:
#0 /Users/alex/Projects/books/protected/extensions/EUploadedImage.php(166): collectFilesRecursive()
#1 /Users/alex/Projects/books/protected/extensions/EUploadedImage.php(150): collectFilesRecursive()
#2 /Users/alex/Projects/books/protected/extensions/EUploadedImage.php(101): prefetchFiles()
#3 /Users/alex/Projects/books/protected/extensions/EUploadedImage.php(76): getInstanceByName()
#4 /Users/alex/Projects/books/protected/controllers/BookController.php(78): getInstance()
#5 /Library/WebServer/Documents/yii/framework/web/actions/CInlineAction.php(50): BookController->actionCreate()
#6 /Library/WebServer/Documents/yii/framework/web/CController.php(309): CInlineAction->runWithParams()
#7 /Library/WebServer/Documents/yii/framework/web/filters/CFilterChain.php(134): BookController->runAction()
#8 /Library/WebServer/Documents/yii/framework/web/filters/CFilter.php(41): CFilterChain->run()
#9 /Library/WebServer/Documents/yii/framework/web/CController.php(1146): CAccessControlFilter->filter()
#10 /Library/WebServer/Documents/yii/framework/web/filters/CInlineFilter.php(59): BookController->filterAccessControl()
#11 /Library/WebServer/Documents/yii/framework/web/filters/CFilterChain.php(131): CInlineFilter->filter()
#12 /Library/WebServer/Documents/yii/framework/web/CController.php(292): CFilterChain->run()
#13 /Library/WebServer/Documents/yii/framework/web/CController.php(266): BookController->runActionWithFilters()
#14 /Library/WebServer/Documents/yii/framework/web/CWebApplication.php(276): BookController->run()
#15 /Library/WebServer/Documents/yii/framework/web/CWebApplication.php(135): CWebApplication->runController()
#16 /Library/WebServer/Documents/yii/framework/base/CApplication.php(162): CWebApplication->processRequest()
#17 /Users/alex/Projects/books/index.php(13): CWebApplication->run()
REQUEST_URI=/~alex/libritos/index.php?r=book/create
in /Users/alex/Projects/books/protected/extensions/EUploadedImage.php (189)
in /Users/alex/Projects/books/protected/extensions/EUploadedImage.php (169)
in /Users/alex/Projects/books/protected/extensions/EUploadedImage.php (166)
2012/07/18 16:40:44 [error] [php] getimagesize() [<a href='function.getimagesize'>function.getimagesize</a>]: Filename cannot be empty (/Users/alex/Projects/books/protected/extensions/EUploadedImage.php:189)
Stack trace:
#0 /Users/alex/Projects/books/protected/extensions/EUploadedImage.php(166): collectFilesRecursive()
#1 /Users/alex/Projects/books/protected/extensions/EUploadedImage.php(150): collectFilesRecursive()
#2 /Users/alex/Projects/books/protected/extensions/EUploadedImage.php(101): prefetchFiles()
#3 /Users/alex/Projects/books/protected/extensions/EUploadedImage.php(76): getInstanceByName()
#4 /Users/alex/Projects/books/protected/controllers/BookController.php(79): getInstance()
#5 /Library/WebServer/Documents/yii/framework/web/actions/CInlineAction.php(50): BookController->actionCreate()
#6 /Library/WebServer/Documents/yii/framework/web/CController.php(309): CInlineAction->runWithParams()
#7 /Library/WebServer/Documents/yii/framework/web/filters/CFilterChain.php(134): BookController->runAction()
#8 /Library/WebServer/Documents/yii/framework/web/filters/CFilter.php(41): CFilterChain->run()
#9 /Library/WebServer/Documents/yii/framework/web/CController.php(1146): CAccessControlFilter->filter()
#10 /Library/WebServer/Documents/yii/framework/web/filters/CInlineFilter.php(59): BookController->filterAccessControl()
#11 /Library/WebServer/Documents/yii/framework/web/filters/CFilterChain.php(131): CInlineFilter->filter()
#12 /Library/WebServer/Documents/yii/framework/web/CController.php(292): CFilterChain->run()
#13 /Library/WebServer/Documents/yii/framework/web/CController.php(266): BookController->runActionWithFilters()
#14 /Library/WebServer/Documents/yii/framework/web/CWebApplication.php(276): BookController->run()
#15 /Library/WebServer/Documents/yii/framework/web/CWebApplication.php(135): CWebApplication->runController()
#16 /Library/WebServer/Documents/yii/framework/base/CApplication.php(162): CWebApplication->processRequest()
#17 /Users/alex/Projects/books/index.php(13): CWebApplication->run()
REQUEST_URI=/~alex/libritos/index.php?r=book/create
in /Users/alex/Projects/books/protected/extensions/EUploadedImage.php (189)
in /Users/alex/Projects/books/protected/extensions/EUploadedImage.php (169)
in /Users/alex/Projects/books/protected/extensions/EUploadedImage.php (166)
